06-03-2015 13:49:20  [CRH_Internet.CommonFunctions] (PoolService-1:) Test 1 is called
06-03-2015 13:49:20  [CRH_Internet.CommonFunctions] (PoolService-1:) Test 1 is called
06-03-2015 13:49:20  [CRH_Internet.CommonFunctions] (PoolService-1:) RT_Internet_001 Y
06-03-2015 13:49:20  [CRH_Internet.CommonFunctions] (PoolService-1:) BR of test1 and loc  is chrome 7
06-03-2015 13:49:20  [CRH_Internet.CommonFunctions] (PoolService-0:) Value of gr in main is Yes
06-03-2015 13:49:20  [CRH_Internet.CommonFunctions] (PoolService-0:) Test_called in main test_b is1
06-03-2015 13:49:20  [CRH_Internet.CommonFunctions] (PoolService-0:) RESULTSC:\Users\ankita.mandal.GDNINDIA\workspace\CRH_EBF_Latest\Test_Results//BDC6-D-GVB71Q1_Test_Results\CRH_EBF_Internet_Results_FF.xls
06-03-2015 13:49:20  [CRH_Internet.CommonFunctions] (PoolService-0:) inpC:\Users\ankita.mandal.GDNINDIA\workspace\CRH_EBF_Latest\CRH_EBF_Input_Sheet.xls
06-03-2015 13:49:20  [CRH_Internet.CommonFunctions] (PoolService-0:)  Test_called value inside validation :1
06-03-2015 13:49:20  [CRH_Internet.CommonFunctions] (PoolService-0:) ^^^^^^^^^^^ Br  and loc value validation is ^^^^^^^^^FF 7
06-03-2015 13:49:20  [CRH_Internet.CommonFunctions] (PoolService-1:) Value of gr in main is Yes
06-03-2015 13:49:20  [CRH_Internet.CommonFunctions] (PoolService-1:) Test_called in main test_b is2
06-03-2015 13:49:20  [CRH_Internet.CommonFunctions] (PoolService-1:) RESULTSC:\Users\ankita.mandal.GDNINDIA\workspace\CRH_EBF_Latest\Test_Results//BDC6-D-GVB71Q1_Test_Results\CRH_EBF_Internet_Results_chrome.xls
06-03-2015 13:49:20  [CRH_Internet.CommonFunctions] (PoolService-1:) inpC:\Users\ankita.mandal.GDNINDIA\workspace\CRH_EBF_Latest\CRH_EBF_Input_Sheet.xls
06-03-2015 13:49:20  [CRH_Internet.CommonFunctions] (PoolService-1:)  Test_called value inside validation :2
06-03-2015 13:49:20  [CRH_Internet.CommonFunctions] (PoolService-1:) ^^^^^^^^^^^ Br  and loc value validation is ^^^^^^^^^chrome 7
06-03-2015 13:49:20  [CRH_Internet.CommonFunctions] (PoolService-0:) validation called 123
06-03-2015 13:49:21  [CRH_Internet.CommonFunctions] (PoolService-1:) validation called 123
06-03-2015 13:49:21  [CRH_Internet.CommonFunctions] (PoolService-0:) JS Check 2
06-03-2015 13:49:21  [CRH_Internet.CommonFunctions] (PoolService-0:) brinst 3
06-03-2015 13:49:21  [CRH_Internet.CommonFunctions] (PoolService-1:) JS Check 2
06-03-2015 13:49:21  [CRH_Internet.CommonFunctions] (PoolService-1:) brinst 3
06-03-2015 13:49:21  [CRH_Internet.CommonFunctions] (PoolService-1:) Initial time is 
06-03-2015 13:49:21  [CRH_Internet.CommonFunctions] (PoolService-0:) Initial time is 
06-03-2015 13:49:21  [CRH_Internet.CommonFunctions] (PoolService-1:) Browser 
06-03-2015 13:49:21  [CRH_Internet.CommonFunctions] (PoolService-1:) validation called3
06-03-2015 13:49:21  [CRH_Internet.CommonFunctions] (PoolService-0:) Browser 
06-03-2015 13:49:21  [CRH_Internet.CommonFunctions] (PoolService-0:) validation called3
06-03-2015 13:49:21  [CRH_Internet.CommonFunctions] (PoolService-0:) validation called4
06-03-2015 13:49:21  [CRH_Internet.CommonFunctions] (PoolService-1:) validation called4
06-03-2015 13:49:21  [CRH_Internet.CommonFunctions] (PoolService-1:) *******check1.1
06-03-2015 13:49:21  [CRH_Internet.CommonFunctions] (PoolService-1:) *******check1
06-03-2015 13:49:21  [CRH_Internet.CommonFunctions] (PoolService-1:) *******check2
06-03-2015 13:49:21  [CRH_Internet.CommonFunctions] (PoolService-1:) *******check3
06-03-2015 13:49:21  [CRH_Internet.CommonFunctions] (PoolService-1:) *******check4
06-03-2015 13:49:21  [CRH_Internet.CommonFunctions] (PoolService-1:) *******check5
06-03-2015 13:49:21  [CRH_Internet.CommonFunctions] (PoolService-0:) *******check1.1
06-03-2015 13:49:21  [CRH_Internet.CommonFunctions] (PoolService-0:) *******check1
06-03-2015 13:49:21  [CRH_Internet.CommonFunctions] (PoolService-0:) *******check2
06-03-2015 13:49:21  [CRH_Internet.CommonFunctions] (PoolService-0:) *******check3
06-03-2015 13:49:21  [CRH_Internet.CommonFunctions] (PoolService-0:) *******check4
06-03-2015 13:49:21  [CRH_Internet.CommonFunctions] (PoolService-0:) *******check5
06-03-2015 13:49:21  [CRH_Internet.CommonFunctions] (PoolService-1:) *******check6
06-03-2015 13:49:21  [CRH_Internet.CommonFunctions] (PoolService-1:) *******check7
06-03-2015 13:49:21  [CRH_Internet.CommonFunctions] (PoolService-1:) *******check8
06-03-2015 13:49:21  [CRH_Internet.CommonFunctions] (PoolService-0:) *******check6
06-03-2015 13:49:21  [CRH_Internet.CommonFunctions] (PoolService-1:) Sep1---> number of rows 33
06-03-2015 13:49:21  [CRH_Internet.CommonFunctions] (PoolService-1:) location_b
06-03-2015 13:49:21  [CRH_Internet.CommonFunctions] (PoolService-1:) overall 123 C:\Users\ankita.mandal.GDNINDIA\workspace\CRH_EBF_Latest
06-03-2015 13:49:21  [CRH_Internet.CommonFunctions] (PoolService-0:) *******check7
06-03-2015 13:49:21  [CRH_Internet.CommonFunctions] (PoolService-0:) *******check8
06-03-2015 13:49:21  [CRH_Internet.CommonFunctions] (PoolService-0:) Sep1---> number of rows 33
06-03-2015 13:49:21  [CRH_Internet.CommonFunctions] (PoolService-0:) location_b
06-03-2015 13:49:21  [CRH_Internet.CommonFunctions] (PoolService-0:) overall 123 C:\Users\ankita.mandal.GDNINDIA\workspace\CRH_EBF_Latest
06-03-2015 13:49:21  [CRH_Internet.CommonFunctions] (PoolService-0:) Y
06-03-2015 13:49:21  [CRH_Internet.CommonFunctions] (PoolService-1:) Y
06-03-2015 13:49:22  [CRH_Internet.CommonFunctions] (PoolService-1:) location_a
06-03-2015 13:49:22  [CRH_Internet.CommonFunctions] (PoolService-1:) Grid status Yes
06-03-2015 13:49:22  [CRH_Internet.CommonFunctions] (PoolService-1:) br valueis^^^^^^^^^:chrome
06-03-2015 13:49:22  [CRH_Internet.CommonFunctions] (PoolService-1:) location_C
06-03-2015 13:49:22  [CRH_Internet.CommonFunctions] (PoolService-1:) exec1 Y loc 7
06-03-2015 13:49:22  [CRH_Internet.CommonFunctions] (PoolService-1:) location_d
06-03-2015 13:49:22  [CRH_Internet.CommonFunctions] (PoolService-1:) location_f
06-03-2015 13:49:22  [CRH_Internet.CommonFunctions] (PoolService-1:) Initial Time and br :
06-03-2015 13:49:22  [CRH_Internet.CommonFunctions] (PoolService-0:) location_a
06-03-2015 13:49:22  [CRH_Internet.CommonFunctions] (PoolService-0:) Grid status Yes
06-03-2015 13:49:22  [CRH_Internet.CommonFunctions] (PoolService-0:) br valueis^^^^^^^^^:FF
06-03-2015 13:49:22  [CRH_Internet.CommonFunctions] (PoolService-1:) Starting execution!!
06-03-2015 13:49:22  [CRH_Internet.CommonFunctions] (PoolService-0:) location_C
06-03-2015 13:49:22  [CRH_Internet.CommonFunctions] (PoolService-0:) exec1 Y loc 7
06-03-2015 13:49:22  [CRH_Internet.CommonFunctions] (PoolService-0:) location_d
06-03-2015 13:49:22  [CRH_Internet.CommonFunctions] (PoolService-0:) location_f
06-03-2015 13:49:22  [CRH_Internet.CommonFunctions] (PoolService-0:) Initial Time and br :
06-03-2015 13:49:22  [CRH_Internet.CommonFunctions] (PoolService-0:) Starting execution!!
06-03-2015 13:49:22  [CRH_Internet.CommonFunctions] (PoolService-0:) Add Internet 001 is intialized
06-03-2015 13:49:22  [CRH_Internet.CommonFunctions] (PoolService-0:) Obj run is called
06-03-2015 13:49:22  [CRH_Internet.CommonFunctions] (PoolService-0:) set up is called
06-03-2015 13:49:22  [CRH_Internet.CommonFunctions] (PoolService-0:) Aashish Check
06-03-2015 13:49:22  [CRH_Internet.CommonFunctions] (PoolService-1:) Add Internet 001 is intialized
06-03-2015 13:49:22  [CRH_Internet.CommonFunctions] (PoolService-1:) Obj run is called
06-03-2015 13:49:22  [CRH_Internet.CommonFunctions] (PoolService-1:) set up is called
06-03-2015 13:49:22  [CRH_Internet.CommonFunctions] (PoolService-1:) Aashish Check
06-03-2015 13:49:22  [CRH_Internet.CommonFunctions] (PoolService-1:) http://beta01.twcable.com:4503/residential/order
06-03-2015 13:49:22  [CRH_Internet.CommonFunctions] (PoolService-1:) Grid_Status Yes br chrome
06-03-2015 13:49:22  [CRH_Internet.CommonFunctions] (PoolService-1:) http://beta01.twcable.com:4503/residential/order
06-03-2015 13:49:23  [CRH_Internet.CommonFunctions] (PoolService-1:) went inside chrome
06-03-2015 13:49:23  [CRH_Internet.CommonFunctions] (PoolService-1:) i went inside this loop of chrome
06-03-2015 13:49:23  [CRH_Internet.CommonFunctions] (PoolService-0:) http://beta01.twcable.com:4503/residential/order
06-03-2015 13:49:23  [CRH_Internet.CommonFunctions] (PoolService-0:) Grid_Status Yes br FF
06-03-2015 13:49:23  [CRH_Internet.CommonFunctions] (PoolService-0:) http://beta01.twcable.com:4503/residential/order
06-03-2015 13:49:23  [CRH_Internet.CommonFunctions] (PoolService-0:) Fire fox browser started
06-03-2015 13:49:23  [CRH_Internet.CommonFunctions] (PoolService-0:) i went inside this loop of firefox
06-03-2015 13:49:23  [CRH_Internet.CommonFunctions] (PoolService-1:) last loop of chrome
06-03-2015 13:49:23  [CRH_Internet.CommonFunctions] (PoolService-1:) Before grid remote
06-03-2015 13:49:23  [CRH_Internet.CommonFunctions] (PoolService-1:) grid id true ---
06-03-2015 13:49:23  [CRH_Internet.CommonFunctions] (PoolService-0:) Before grid remote
06-03-2015 13:49:23  [CRH_Internet.CommonFunctions] (PoolService-0:) grid id true ---
06-03-2015 13:49:28  [CRH_Internet.CommonFunctions] (PoolService-1:) br : chrome
06-03-2015 13:49:28  [CRH_Internet.CommonFunctions] (PoolService-1:) grid id true 2---
06-03-2015 13:49:28  [CRH_Internet.CommonFunctions] (PoolService-1:) helo
06-03-2015 13:49:29  [CRH_Internet.CommonFunctions] (PoolService-1:) Just reached end of setup
06-03-2015 13:49:29  [CRH_Internet.CommonFunctions] (PoolService-1:) chheck1
06-03-2015 13:49:32  [CRH_Internet.CommonFunctions] (PoolService-1:) trying to open the url
06-03-2015 13:49:32  [CRH_Internet.CommonFunctions] (PoolService-1:)  label 1*****************************************
06-03-2015 13:49:49  [CRH_Internet.CommonFunctions] (PoolService-1:)  label 2*****************************************
06-03-2015 13:49:49  [CRH_Internet.CommonFunctions] (PoolService-1:) Chek if url opened
06-03-2015 13:49:49  [CRH_Internet.CommonFunctions] (PoolService-1:) First run is calledchrome null
06-03-2015 13:49:49  [CRH_Internet.CommonFunctions] (PoolService-1:) Entered bfr find ele
06-03-2015 13:49:52  [CRH_Internet.CommonFunctions] (PoolService-0:) br : FF
06-03-2015 13:49:52  [CRH_Internet.CommonFunctions] (PoolService-0:) grid id true 2---
06-03-2015 13:49:52  [CRH_Internet.CommonFunctions] (PoolService-0:) helo
06-03-2015 13:49:52  [CRH_Internet.CommonFunctions] (PoolService-0:) Just reached end of setup
06-03-2015 13:49:52  [CRH_Internet.CommonFunctions] (PoolService-0:) chheck1
06-03-2015 13:49:55  [CRH_Internet.CommonFunctions] (PoolService-0:) trying to open the url
06-03-2015 13:49:56  [CRH_Internet.CommonFunctions] (PoolService-0:)  label 1*****************************************
06-03-2015 13:49:56  [CRH_Internet.CommonFunctions] (PoolService-1:) no such element
  (Session info: chrome=43.0.2357.81)
  (Driver info: chromedriver=2.8.241075,platform=Windows NT 6.1 SP1 x86) (WARNING: The server did not provide any stacktrace information)
Command duration or timeout: 4.84 seconds
For documentation on this error, please visit: http://seleniumhq.org/exceptions/no_such_element.html
Build info: version: '2.45.0', revision: '5017cb8', time: '2015-02-26 23:59:50'
System info: host: 'BDC6-D-GVB71Q1', ip: '10.143.19.93', os.name: 'Windows 7', os.arch: 'x86', os.version: '6.1', java.version: '1.8.0_40'
Driver info: org.openqa.selenium.chrome.ChromeDriver
Capabilities [{applicationCacheEnabled=false, rotatable=false, chrome={userDataDir=C:\Users\ANKITA~1.GDN\AppData\Local\Temp\scoped_dir6420_26103}, takesHeapSnapshot=true, databaseEnabled=false, handlesAlerts=true, version=43.0.2357.81, platform=XP, browserConnectionEnabled=false, nativeEvents=true, acceptSslCerts=true, locationContextEnabled=true, webStorageEnabled=true, browserName=chrome, takesScreenshot=true, javascriptEnabled=true, cssSelectorsEnabled=true}]
Session ID: 93e2bb1a787a8cbf3f576869429bf30a
*** Element info: {Using=xpath, value=.//*[contains(text(),'No thanks')]}
Command duration or timeout: 6.80 seconds
For documentation on this error, please visit: http://seleniumhq.org/exceptions/no_such_element.html
Build info: version: '2.45.0', revision: '5017cb8e7ca8e37638dc3091b2440b90a1d8686f', time: '2015-02-27 09:10:26'
System info: host: 'BDC6-D-GVB71Q1', ip: '10.143.19.93', os.name: 'Windows 7', os.arch: 'x86', os.version: '6.1', java.version: '1.7.0_72'
*** Element info: {Using=xpath, value=.//*[contains(text(),'No thanks')]}
Session ID: f04306d8-b370-4503-800e-cb94995bf4f1
Driver info: org.openqa.selenium.remote.RemoteWebDriver
Capabilities [{platform=XP, javascriptEnabled=true, acceptSslCerts=true, browserName=chrome, chrome={userDataDir=C:\Users\ANKITA~1.GDN\AppData\Local\Temp\scoped_dir6420_26103}, rotatable=false, locationContextEnabled=true, webdriver.remote.sessionid=f04306d8-b370-4503-800e-cb94995bf4f1, version=43.0.2357.81, takesHeapSnapshot=true, cssSelectorsEnabled=true, databaseEnabled=false, handlesAlerts=true, browserConnectionEnabled=false, webStorageEnabled=true, nativeEvents=true, applicationCacheEnabled=false, takesScreenshot=true}]
06-03-2015 13:49:56  [CRH_Internet.CommonFunctions] (PoolService-1:) ,
06-03-2015 13:49:57  [CRH_Internet.CommonFunctions] (PoolService-1:) Entered bfr find ele
06-03-2015 13:49:58  [CRH_Internet.CommonFunctions] (PoolService-1:) no such element
  (Session info: chrome=43.0.2357.81)
  (Driver info: chromedriver=2.8.241075,platform=Windows NT 6.1 SP1 x86) (WARNING: The server did not provide any stacktrace information)
Command duration or timeout: 416 milliseconds
For documentation on this error, please visit: http://seleniumhq.org/exceptions/no_such_element.html
Build info: version: '2.45.0', revision: '5017cb8', time: '2015-02-26 23:59:50'
System info: host: 'BDC6-D-GVB71Q1', ip: '10.143.19.93', os.name: 'Windows 7', os.arch: 'x86', os.version: '6.1', java.version: '1.8.0_40'
Driver info: org.openqa.selenium.chrome.ChromeDriver
Capabilities [{applicationCacheEnabled=false, rotatable=false, chrome={userDataDir=C:\Users\ANKITA~1.GDN\AppData\Local\Temp\scoped_dir6420_26103}, takesHeapSnapshot=true, databaseEnabled=false, handlesAlerts=true, version=43.0.2357.81, platform=XP, browserConnectionEnabled=false, nativeEvents=true, acceptSslCerts=true, locationContextEnabled=true, webStorageEnabled=true, browserName=chrome, takesScreenshot=true, javascriptEnabled=true, cssSelectorsEnabled=true}]
Session ID: 93e2bb1a787a8cbf3f576869429bf30a
*** Element info: {Using=xpath, value=.//*[contains(text(),'No thanks')]}
Command duration or timeout: 1.09 seconds
For documentation on this error, please visit: http://seleniumhq.org/exceptions/no_such_element.html
Build info: version: '2.45.0', revision: '5017cb8e7ca8e37638dc3091b2440b90a1d8686f', time: '2015-02-27 09:10:26'
System info: host: 'BDC6-D-GVB71Q1', ip: '10.143.19.93', os.name: 'Windows 7', os.arch: 'x86', os.version: '6.1', java.version: '1.7.0_72'
*** Element info: {Using=xpath, value=.//*[contains(text(),'No thanks')]}
Session ID: f04306d8-b370-4503-800e-cb94995bf4f1
Driver info: org.openqa.selenium.remote.RemoteWebDriver
Capabilities [{platform=XP, javascriptEnabled=true, acceptSslCerts=true, browserName=chrome, chrome={userDataDir=C:\Users\ANKITA~1.GDN\AppData\Local\Temp\scoped_dir6420_26103}, rotatable=false, locationContextEnabled=true, webdriver.remote.sessionid=f04306d8-b370-4503-800e-cb94995bf4f1, version=43.0.2357.81, takesHeapSnapshot=true, cssSelectorsEnabled=true, databaseEnabled=false, handlesAlerts=true, browserConnectionEnabled=false, webStorageEnabled=true, nativeEvents=true, applicationCacheEnabled=false, takesScreenshot=true}]
06-03-2015 13:49:58  [CRH_Internet.CommonFunctions] (PoolService-1:) ,
06-03-2015 13:49:58  [CRH_Internet.CommonFunctions] (PoolService-1:) Entered bfr find ele
06-03-2015 13:50:00  [CRH_Internet.CommonFunctions] (PoolService-1:) no such element
  (Session info: chrome=43.0.2357.81)
  (Driver info: chromedriver=2.8.241075,platform=Windows NT 6.1 SP1 x86) (WARNING: The server did not provide any stacktrace information)
Command duration or timeout: 517 milliseconds
For documentation on this error, please visit: http://seleniumhq.org/exceptions/no_such_element.html
Build info: version: '2.45.0', revision: '5017cb8', time: '2015-02-26 23:59:50'
System info: host: 'BDC6-D-GVB71Q1', ip: '10.143.19.93', os.name: 'Windows 7', os.arch: 'x86', os.version: '6.1', java.version: '1.8.0_40'
Driver info: org.openqa.selenium.chrome.ChromeDriver
Capabilities [{applicationCacheEnabled=false, rotatable=false, chrome={userDataDir=C:\Users\ANKITA~1.GDN\AppData\Local\Temp\scoped_dir6420_26103}, takesHeapSnapshot=true, databaseEnabled=false, handlesAlerts=true, version=43.0.2357.81, platform=XP, browserConnectionEnabled=false, nativeEvents=true, acceptSslCerts=true, locationContextEnabled=true, webStorageEnabled=true, browserName=chrome, takesScreenshot=true, javascriptEnabled=true, cssSelectorsEnabled=true}]
Session ID: 93e2bb1a787a8cbf3f576869429bf30a
*** Element info: {Using=xpath, value=.//*[contains(text(),'No thanks')]}
Command duration or timeout: 1.14 seconds
For documentation on this error, please visit: http://seleniumhq.org/exceptions/no_such_element.html
Build info: version: '2.45.0', revision: '5017cb8e7ca8e37638dc3091b2440b90a1d8686f', time: '2015-02-27 09:10:26'
System info: host: 'BDC6-D-GVB71Q1', ip: '10.143.19.93', os.name: 'Windows 7', os.arch: 'x86', os.version: '6.1', java.version: '1.7.0_72'
*** Element info: {Using=xpath, value=.//*[contains(text(),'No thanks')]}
Session ID: f04306d8-b370-4503-800e-cb94995bf4f1
Driver info: org.openqa.selenium.remote.RemoteWebDriver
Capabilities [{platform=XP, javascriptEnabled=true, acceptSslCerts=true, browserName=chrome, chrome={userDataDir=C:\Users\ANKITA~1.GDN\AppData\Local\Temp\scoped_dir6420_26103}, rotatable=false, locationContextEnabled=true, webdriver.remote.sessionid=f04306d8-b370-4503-800e-cb94995bf4f1, version=43.0.2357.81, takesHeapSnapshot=true, cssSelectorsEnabled=true, databaseEnabled=false, handlesAlerts=true, browserConnectionEnabled=false, webStorageEnabled=true, nativeEvents=true, applicationCacheEnabled=false, takesScreenshot=true}]
06-03-2015 13:50:00  [CRH_Internet.CommonFunctions] (PoolService-1:) ,
06-03-2015 13:50:00  [CRH_Internet.CommonFunctions] (PoolService-1:) Entered bfr find ele
06-03-2015 13:50:01  [CRH_Internet.CommonFunctions] (PoolService-1:) no such element
  (Session info: chrome=43.0.2357.81)
  (Driver info: chromedriver=2.8.241075,platform=Windows NT 6.1 SP1 x86) (WARNING: The server did not provide any stacktrace information)
Command duration or timeout: 451 milliseconds
For documentation on this error, please visit: http://seleniumhq.org/exceptions/no_such_element.html
Build info: version: '2.45.0', revision: '5017cb8', time: '2015-02-26 23:59:50'
System info: host: 'BDC6-D-GVB71Q1', ip: '10.143.19.93', os.name: 'Windows 7', os.arch: 'x86', os.version: '6.1', java.version: '1.8.0_40'
Driver info: org.openqa.selenium.chrome.ChromeDriver
Capabilities [{applicationCacheEnabled=false, rotatable=false, chrome={userDataDir=C:\Users\ANKITA~1.GDN\AppData\Local\Temp\scoped_dir6420_26103}, takesHeapSnapshot=true, databaseEnabled=false, handlesAlerts=true, version=43.0.2357.81, platform=XP, browserConnectionEnabled=false, nativeEvents=true, acceptSslCerts=true, locationContextEnabled=true, webStorageEnabled=true, browserName=chrome, takesScreenshot=true, javascriptEnabled=true, cssSelectorsEnabled=true}]
Session ID: 93e2bb1a787a8cbf3f576869429bf30a
*** Element info: {Using=xpath, value=.//*[contains(text(),'No thanks')]}
Command duration or timeout: 1.11 seconds
For documentation on this error, please visit: http://seleniumhq.org/exceptions/no_such_element.html
Build info: version: '2.45.0', revision: '5017cb8e7ca8e37638dc3091b2440b90a1d8686f', time: '2015-02-27 09:10:26'
System info: host: 'BDC6-D-GVB71Q1', ip: '10.143.19.93', os.name: 'Windows 7', os.arch: 'x86', os.version: '6.1', java.version: '1.7.0_72'
*** Element info: {Using=xpath, value=.//*[contains(text(),'No thanks')]}
Session ID: f04306d8-b370-4503-800e-cb94995bf4f1
Driver info: org.openqa.selenium.remote.RemoteWebDriver
Capabilities [{platform=XP, javascriptEnabled=true, acceptSslCerts=true, browserName=chrome, chrome={userDataDir=C:\Users\ANKITA~1.GDN\AppData\Local\Temp\scoped_dir6420_26103}, rotatable=false, locationContextEnabled=true, webdriver.remote.sessionid=f04306d8-b370-4503-800e-cb94995bf4f1, version=43.0.2357.81, takesHeapSnapshot=true, cssSelectorsEnabled=true, databaseEnabled=false, handlesAlerts=true, browserConnectionEnabled=false, webStorageEnabled=true, nativeEvents=true, applicationCacheEnabled=false, takesScreenshot=true}]
06-03-2015 13:50:01  [CRH_Internet.CommonFunctions] (PoolService-1:) ,
06-03-2015 13:50:03  [CRH_Internet.CommonFunctions] (PoolService-1:) no such element
  (Session info: chrome=43.0.2357.81)
  (Driver info: chromedriver=2.8.241075,platform=Windows NT 6.1 SP1 x86) (WARNING: The server did not provide any stacktrace information)
Command duration or timeout: 437 milliseconds
For documentation on this error, please visit: http://seleniumhq.org/exceptions/no_such_element.html
Build info: version: '2.45.0', revision: '5017cb8', time: '2015-02-26 23:59:50'
System info: host: 'BDC6-D-GVB71Q1', ip: '10.143.19.93', os.name: 'Windows 7', os.arch: 'x86', os.version: '6.1', java.version: '1.8.0_40'
Driver info: org.openqa.selenium.chrome.ChromeDriver
Capabilities [{applicationCacheEnabled=false, rotatable=false, chrome={userDataDir=C:\Users\ANKITA~1.GDN\AppData\Local\Temp\scoped_dir6420_26103}, takesHeapSnapshot=true, databaseEnabled=false, handlesAlerts=true, version=43.0.2357.81, platform=XP, browserConnectionEnabled=false, nativeEvents=true, acceptSslCerts=true, locationContextEnabled=true, webStorageEnabled=true, browserName=chrome, takesScreenshot=true, javascriptEnabled=true, cssSelectorsEnabled=true}]
Session ID: 93e2bb1a787a8cbf3f576869429bf30a
*** Element info: {Using=xpath, value=.//*[contains(text(),'No thanks')]}
Command duration or timeout: 1.19 seconds
For documentation on this error, please visit: http://seleniumhq.org/exceptions/no_such_element.html
Build info: version: '2.45.0', revision: '5017cb8e7ca8e37638dc3091b2440b90a1d8686f', time: '2015-02-27 09:10:26'
System info: host: 'BDC6-D-GVB71Q1', ip: '10.143.19.93', os.name: 'Windows 7', os.arch: 'x86', os.version: '6.1', java.version: '1.7.0_72'
*** Element info: {Using=xpath, value=.//*[contains(text(),'No thanks')]}
Session ID: f04306d8-b370-4503-800e-cb94995bf4f1
Driver info: org.openqa.selenium.remote.RemoteWebDriver
Capabilities [{platform=XP, javascriptEnabled=true, acceptSslCerts=true, browserName=chrome, chrome={userDataDir=C:\Users\ANKITA~1.GDN\AppData\Local\Temp\scoped_dir6420_26103}, rotatable=false, locationContextEnabled=true, webdriver.remote.sessionid=f04306d8-b370-4503-800e-cb94995bf4f1, version=43.0.2357.81, takesHeapSnapshot=true, cssSelectorsEnabled=true, databaseEnabled=false, handlesAlerts=true, browserConnectionEnabled=false, webStorageEnabled=true, nativeEvents=true, applicationCacheEnabled=false, takesScreenshot=true}]
06-03-2015 13:50:03  [CRH_Internet.CommonFunctions] (PoolService-1:) ,
06-03-2015 13:50:04  [CRH_Internet.CommonFunctions] (PoolService-1:) Entered bfr find ele
06-03-2015 13:50:05  [CRH_Internet.CommonFunctions] (PoolService-1:) no such element
  (Session info: chrome=43.0.2357.81)
  (Driver info: chromedriver=2.8.241075,platform=Windows NT 6.1 SP1 x86) (WARNING: The server did not provide any stacktrace information)
Command duration or timeout: 469 milliseconds
For documentation on this error, please visit: http://seleniumhq.org/exceptions/no_such_element.html
Build info: version: '2.45.0', revision: '5017cb8', time: '2015-02-26 23:59:50'
System info: host: 'BDC6-D-GVB71Q1', ip: '10.143.19.93', os.name: 'Windows 7', os.arch: 'x86', os.version: '6.1', java.version: '1.8.0_40'
Driver info: org.openqa.selenium.chrome.ChromeDriver
Capabilities [{applicationCacheEnabled=false, rotatable=false, chrome={userDataDir=C:\Users\ANKITA~1.GDN\AppData\Local\Temp\scoped_dir6420_26103}, takesHeapSnapshot=true, databaseEnabled=false, handlesAlerts=true, version=43.0.2357.81, platform=XP, browserConnectionEnabled=false, nativeEvents=true, acceptSslCerts=true, locationContextEnabled=true, webStorageEnabled=true, browserName=chrome, takesScreenshot=true, javascriptEnabled=true, cssSelectorsEnabled=true}]
Session ID: 93e2bb1a787a8cbf3f576869429bf30a
*** Element info: {Using=xpath, value=.//*[contains(text(),'No thanks')]}
Command duration or timeout: 1.14 seconds
For documentation on this error, please visit: http://seleniumhq.org/exceptions/no_such_element.html
Build info: version: '2.45.0', revision: '5017cb8e7ca8e37638dc3091b2440b90a1d8686f', time: '2015-02-27 09:10:26'
System info: host: 'BDC6-D-GVB71Q1', ip: '10.143.19.93', os.name: 'Windows 7', os.arch: 'x86', os.version: '6.1', java.version: '1.7.0_72'
*** Element info: {Using=xpath, value=.//*[contains(text(),'No thanks')]}
Session ID: f04306d8-b370-4503-800e-cb94995bf4f1
Driver info: org.openqa.selenium.remote.RemoteWebDriver
Capabilities [{platform=XP, javascriptEnabled=true, acceptSslCerts=true, browserName=chrome, chrome={userDataDir=C:\Users\ANKITA~1.GDN\AppData\Local\Temp\scoped_dir6420_26103}, rotatable=false, locationContextEnabled=true, webdriver.remote.sessionid=f04306d8-b370-4503-800e-cb94995bf4f1, version=43.0.2357.81, takesHeapSnapshot=true, cssSelectorsEnabled=true, databaseEnabled=false, handlesAlerts=true, browserConnectionEnabled=false, webStorageEnabled=true, nativeEvents=true, applicationCacheEnabled=false, takesScreenshot=true}]
06-03-2015 13:50:05  [CRH_Internet.CommonFunctions] (PoolService-1:) ,
06-03-2015 13:50:06  [CRH_Internet.CommonFunctions] (PoolService-1:) Entered bfr find ele
06-03-2015 13:50:07  [CRH_Internet.CommonFunctions] (PoolService-1:) no such element
  (Session info: chrome=43.0.2357.81)
  (Driver info: chromedriver=2.8.241075,platform=Windows NT 6.1 SP1 x86) (WARNING: The server did not provide any stacktrace information)
Command duration or timeout: 463 milliseconds
For documentation on this error, please visit: http://seleniumhq.org/exceptions/no_such_element.html
Build info: version: '2.45.0', revision: '5017cb8', time: '2015-02-26 23:59:50'
System info: host: 'BDC6-D-GVB71Q1', ip: '10.143.19.93', os.name: 'Windows 7', os.arch: 'x86', os.version: '6.1', java.version: '1.8.0_40'
Driver info: org.openqa.selenium.chrome.ChromeDriver
Capabilities [{applicationCacheEnabled=false, rotatable=false, chrome={userDataDir=C:\Users\ANKITA~1.GDN\AppData\Local\Temp\scoped_dir6420_26103}, takesHeapSnapshot=true, databaseEnabled=false, handlesAlerts=true, version=43.0.2357.81, platform=XP, browserConnectionEnabled=false, nativeEvents=true, acceptSslCerts=true, locationContextEnabled=true, webStorageEnabled=true, browserName=chrome, takesScreenshot=true, javascriptEnabled=true, cssSelectorsEnabled=true}]
Session ID: 93e2bb1a787a8cbf3f576869429bf30a
*** Element info: {Using=xpath, value=.//*[contains(text(),'No thanks')]}
Command duration or timeout: 1.07 seconds
For documentation on this error, please visit: http://seleniumhq.org/exceptions/no_such_element.html
Build info: version: '2.45.0', revision: '5017cb8e7ca8e37638dc3091b2440b90a1d8686f', time: '2015-02-27 09:10:26'
System info: host: 'BDC6-D-GVB71Q1', ip: '10.143.19.93', os.name: 'Windows 7', os.arch: 'x86', os.version: '6.1', java.version: '1.7.0_72'
*** Element info: {Using=xpath, value=.//*[contains(text(),'No thanks')]}
Session ID: f04306d8-b370-4503-800e-cb94995bf4f1
Driver info: org.openqa.selenium.remote.RemoteWebDriver
Capabilities [{platform=XP, javascriptEnabled=true, acceptSslCerts=true, browserName=chrome, chrome={userDataDir=C:\Users\ANKITA~1.GDN\AppData\Local\Temp\scoped_dir6420_26103}, rotatable=false, locationContextEnabled=true, webdriver.remote.sessionid=f04306d8-b370-4503-800e-cb94995bf4f1, version=43.0.2357.81, takesHeapSnapshot=true, cssSelectorsEnabled=true, databaseEnabled=false, handlesAlerts=true, browserConnectionEnabled=false, webStorageEnabled=true, nativeEvents=true, applicationCacheEnabled=false, takesScreenshot=true}]
06-03-2015 13:50:07  [CRH_Internet.CommonFunctions] (PoolService-1:) ,
06-03-2015 13:50:09  [CRH_Internet.CommonFunctions] (PoolService-1:) -------First run is called------chrome null
06-03-2015 13:50:09  [CRH_Internet.CommonFunctions] (PoolService-1:) Get R*Pass
06-03-2015 13:50:09  [CRH_Internet.CommonFunctions] (PoolService-1:) COUNTER RESULT SHEET VALUE ******** 11br chrome
06-03-2015 13:50:09  [CRH_Internet.CommonFunctions] (PoolService-1:) _June 03_01.50PM
06-03-2015 13:50:12  [CRH_Internet.CommonFunctions] (PoolService-0:)  label 2*****************************************
06-03-2015 13:50:12  [CRH_Internet.CommonFunctions] (PoolService-0:) Chek if url opened
06-03-2015 13:50:12  [CRH_Internet.CommonFunctions] (PoolService-0:) First run is calledFF null
06-03-2015 13:50:12  [CRH_Internet.CommonFunctions] (PoolService-0:) Entered bfr find ele
06-03-2015 13:50:14  [CRH_Internet.CommonFunctions] (PoolService-1:) storing done******
06-03-2015 13:50:14  [CRH_Internet.CommonFunctions] (PoolService-1:) COUNTER RESULT SHEET VALUE ******** 11br chrome
06-03-2015 13:50:14  [CRH_Internet.CommonFunctions] (PoolService-1:) result_actualUser name displays Refer screenshot: C:\Users\ankita.mandal.GDNINDIA\workspace\CRH_EBF_Latest////Test_Results//BDC6-D-GVB71Q1_Test_Results////CRH_EBF_Internet_Pass_Screenshots//chrome////RT_Internet_001__Int_Pass1_June 03_01.50PM.png
06-03-2015 13:50:14  [CRH_Internet.CommonFunctions] (PoolService-1:) result_expectedshould be able to enter the userId
06-03-2015 13:50:14  [CRH_Internet.CommonFunctions] (PoolService-1:) result_scenarioUser enters TWC username 
06-03-2015 13:50:14  [CRH_Internet.CommonFunctions] (PoolService-1:) result Pass
06-03-2015 13:50:14  [CRH_Internet.CommonFunctions] (PoolService-1:) RB ... if...{}
06-03-2015 13:50:14  [CRH_Internet.CommonFunctions] (PoolService-1:) COUNTER RESULT SHEET VALUE ******** 11br chrome arrcount [I@5d1670
06-03-2015 13:50:14  [CRH_Internet.CommonFunctions] (PoolService-1:) Pass
06-03-2015 13:50:14  [CRH_Internet.CommonFunctions] (PoolService-1:) User enters TWC username 
06-03-2015 13:50:14  [CRH_Internet.CommonFunctions] (PoolService-1:) User name displays
06-03-2015 13:50:14  [CRH_Internet.CommonFunctions] (PoolService-1:) should be able to enter the userId
06-03-2015 13:50:14  [CRH_Internet.CommonFunctions] (PoolService-1:) The set of keys are!@#$%^&* []
06-03-2015 13:50:14  [CRH_Internet.CommonFunctions] (PoolService-1:) Values **** rb.getResult()**= nulln
06-03-2015 13:50:14  [CRH_Internet.CommonFunctions] (PoolService-1:) Pass
06-03-2015 13:50:14  [CRH_Internet.CommonFunctions] (PoolService-1:) STATUS TRACKER OVER**************
06-03-2015 13:50:14  [CRH_Internet.CommonFunctions] (PoolService-1:) arrcount is [I@5d1670 brchrome
06-03-2015 13:50:14  [CRH_Internet.CommonFunctions] (PoolService-1:) -------First run is called-----usrname-chrome null
06-03-2015 13:50:14  [CRH_Internet.CommonFunctions] (PoolService-1:) Entered bfr find ele
06-03-2015 13:50:15  [CRH_Internet.CommonFunctions] (PoolService-0:) Unable to locate element: {"method":"xpath","selector":".//*[contains(text(),'No thanks')]"}
For documentation on this error, please visit: http://seleniumhq.org/exceptions/no_such_element.html
Build info: version: '2.45.0', revision: '5017cb8', time: '2015-02-26 23:59:50'
System info: host: 'BDC6-D-GVB71Q1', ip: '10.143.19.93', os.name: 'Windows 7', os.arch: 'x86', os.version: '6.1', java.version: '1.8.0_40'
Driver info: driver.version: unknown
Command duration or timeout: 2.12 seconds
For documentation on this error, please visit: http://seleniumhq.org/exceptions/no_such_element.html
Build info: version: '2.45.0', revision: '5017cb8e7ca8e37638dc3091b2440b90a1d8686f', time: '2015-02-27 09:10:26'
System info: host: 'BDC6-D-GVB71Q1', ip: '10.143.19.93', os.name: 'Windows 7', os.arch: 'x86', os.version: '6.1', java.version: '1.7.0_72'
*** Element info: {Using=xpath, value=.//*[contains(text(),'No thanks')]}
Session ID: 8ec176fd-1b48-4676-8ebb-389afd8f0de3
Driver info: org.openqa.selenium.remote.RemoteWebDriver
Capabilities [{platform=WINDOWS, javascriptEnabled=true, acceptSslCerts=true, browserName=firefox, rotatable=false, locationContextEnabled=true, webdriver.remote.sessionid=8ec176fd-1b48-4676-8ebb-389afd8f0de3, version=34.0, cssSelectorsEnabled=true, databaseEnabled=true, handlesAlerts=true, webStorageEnabled=true, nativeEvents=true, applicationCacheEnabled=true, takesScreenshot=true}]
06-03-2015 13:50:15  [CRH_Internet.CommonFunctions] (PoolService-0:) ,
06-03-2015 13:50:15  [CRH_Internet.CommonFunctions] (PoolService-1:) no such element
  (Session info: chrome=43.0.2357.81)
  (Driver info: chromedriver=2.8.241075,platform=Windows NT 6.1 SP1 x86) (WARNING: The server did not provide any stacktrace information)
Command duration or timeout: 345 milliseconds
For documentation on this error, please visit: http://seleniumhq.org/exceptions/no_such_element.html
Build info: version: '2.45.0', revision: '5017cb8', time: '2015-02-26 23:59:50'
System info: host: 'BDC6-D-GVB71Q1', ip: '10.143.19.93', os.name: 'Windows 7', os.arch: 'x86', os.version: '6.1', java.version: '1.8.0_40'
Driver info: org.openqa.selenium.chrome.ChromeDriver
Capabilities [{applicationCacheEnabled=false, rotatable=false, chrome={userDataDir=C:\Users\ANKITA~1.GDN\AppData\Local\Temp\scoped_dir6420_26103}, takesHeapSnapshot=true, databaseEnabled=false, handlesAlerts=true, version=43.0.2357.81, platform=XP, browserConnectionEnabled=false, nativeEvents=true, acceptSslCerts=true, locationContextEnabled=true, webStorageEnabled=true, browserName=chrome, takesScreenshot=true, javascriptEnabled=true, cssSelectorsEnabled=true}]
Session ID: 93e2bb1a787a8cbf3f576869429bf30a
*** Element info: {Using=xpath, value=.//*[contains(text(),'No thanks')]}
Command duration or timeout: 1.02 seconds
For documentation on this error, please visit: http://seleniumhq.org/exceptions/no_such_element.html
Build info: version: '2.45.0', revision: '5017cb8e7ca8e37638dc3091b2440b90a1d8686f', time: '2015-02-27 09:10:26'
System info: host: 'BDC6-D-GVB71Q1', ip: '10.143.19.93', os.name: 'Windows 7', os.arch: 'x86', os.version: '6.1', java.version: '1.7.0_72'
*** Element info: {Using=xpath, value=.//*[contains(text(),'No thanks')]}
Session ID: f04306d8-b370-4503-800e-cb94995bf4f1
Driver info: org.openqa.selenium.remote.RemoteWebDriver
Capabilities [{platform=XP, javascriptEnabled=true, acceptSslCerts=true, browserName=chrome, chrome={userDataDir=C:\Users\ANKITA~1.GDN\AppData\Local\Temp\scoped_dir6420_26103}, rotatable=false, locationContextEnabled=true, webdriver.remote.sessionid=f04306d8-b370-4503-800e-cb94995bf4f1, version=43.0.2357.81, takesHeapSnapshot=true, cssSelectorsEnabled=true, databaseEnabled=false, handlesAlerts=true, browserConnectionEnabled=false, webStorageEnabled=true, nativeEvents=true, applicationCacheEnabled=false, takesScreenshot=true}]
06-03-2015 13:50:15  [CRH_Internet.CommonFunctions] (PoolService-1:) ,
06-03-2015 13:50:15  [CRH_Internet.CommonFunctions] (PoolService-0:) Entered bfr find ele
06-03-2015 13:50:15  [CRH_Internet.CommonFunctions] (PoolService-1:) Entered bfr find ele
06-03-2015 13:50:17  [CRH_Internet.CommonFunctions] (PoolService-1:) no such element
  (Session info: chrome=43.0.2357.81)
  (Driver info: chromedriver=2.8.241075,platform=Windows NT 6.1 SP1 x86) (WARNING: The server did not provide any stacktrace information)
Command duration or timeout: 485 milliseconds
For documentation on this error, please visit: http://seleniumhq.org/exceptions/no_such_element.html
Build info: version: '2.45.0', revision: '5017cb8', time: '2015-02-26 23:59:50'
System info: host: 'BDC6-D-GVB71Q1', ip: '10.143.19.93', os.name: 'Windows 7', os.arch: 'x86', os.version: '6.1', java.version: '1.8.0_40'
Driver info: org.openqa.selenium.chrome.ChromeDriver
Capabilities [{applicationCacheEnabled=false, rotatable=false, chrome={userDataDir=C:\Users\ANKITA~1.GDN\AppData\Local\Temp\scoped_dir6420_26103}, takesHeapSnapshot=true, databaseEnabled=false, handlesAlerts=true, version=43.0.2357.81, platform=XP, browserConnectionEnabled=false, nativeEvents=true, acceptSslCerts=true, locationContextEnabled=true, webStorageEnabled=true, browserName=chrome, takesScreenshot=true, javascriptEnabled=true, cssSelectorsEnabled=true}]
Session ID: 93e2bb1a787a8cbf3f576869429bf30a
*** Element info: {Using=xpath, value=.//*[contains(text(),'No thanks')]}
Command duration or timeout: 1.57 seconds
For documentation on this error, please visit: http://seleniumhq.org/exceptions/no_such_element.html
Build info: version: '2.45.0', revision: '5017cb8e7ca8e37638dc3091b2440b90a1d8686f', time: '2015-02-27 09:10:26'
System info: host: 'BDC6-D-GVB71Q1', ip: '10.143.19.93', os.name: 'Windows 7', os.arch: 'x86', os.version: '6.1', java.version: '1.7.0_72'
*** Element info: {Using=xpath, value=.//*[contains(text(),'No thanks')]}
Session ID: f04306d8-b370-4503-800e-cb94995bf4f1
Driver info: org.openqa.selenium.remote.RemoteWebDriver
Capabilities [{platform=XP, javascriptEnabled=true, acceptSslCerts=true, browserName=chrome, chrome={userDataDir=C:\Users\ANKITA~1.GDN\AppData\Local\Temp\scoped_dir6420_26103}, rotatable=false, locationContextEnabled=true, webdriver.remote.sessionid=f04306d8-b370-4503-800e-cb94995bf4f1, version=43.0.2357.81, takesHeapSnapshot=true, cssSelectorsEnabled=true, databaseEnabled=false, handlesAlerts=true, browserConnectionEnabled=false, webStorageEnabled=true, nativeEvents=true, applicationCacheEnabled=false, takesScreenshot=true}]
06-03-2015 13:50:17  [CRH_Internet.CommonFunctions] (PoolService-1:) ,
06-03-2015 13:50:17  [CRH_Internet.CommonFunctions] (PoolService-0:) Unable to locate element: {"method":"xpath","selector":".//*[contains(text(),'No thanks')]"}
For documentation on this error, please visit: http://seleniumhq.org/exceptions/no_such_element.html
Build info: version: '2.45.0', revision: '5017cb8', time: '2015-02-26 23:59:50'
System info: host: 'BDC6-D-GVB71Q1', ip: '10.143.19.93', os.name: 'Windows 7', os.arch: 'x86', os.version: '6.1', java.version: '1.8.0_40'
Driver info: driver.version: unknown
Command duration or timeout: 1.99 seconds
For documentation on this error, please visit: http://seleniumhq.org/exceptions/no_such_element.html
Build info: version: '2.45.0', revision: '5017cb8e7ca8e37638dc3091b2440b90a1d8686f', time: '2015-02-27 09:10:26'
System info: host: 'BDC6-D-GVB71Q1', ip: '10.143.19.93', os.name: 'Windows 7', os.arch: 'x86', os.version: '6.1', java.version: '1.7.0_72'
*** Element info: {Using=xpath, value=.//*[contains(text(),'No thanks')]}
Session ID: 8ec176fd-1b48-4676-8ebb-389afd8f0de3
Driver info: org.openqa.selenium.remote.RemoteWebDriver
Capabilities [{platform=WINDOWS, javascriptEnabled=true, acceptSslCerts=true, browserName=firefox, rotatable=false, locationContextEnabled=true, webdriver.remote.sessionid=8ec176fd-1b48-4676-8ebb-389afd8f0de3, version=34.0, cssSelectorsEnabled=true, databaseEnabled=true, handlesAlerts=true, webStorageEnabled=true, nativeEvents=true, applicationCacheEnabled=true, takesScreenshot=true}]
06-03-2015 13:50:17  [CRH_Internet.CommonFunctions] (PoolService-0:) ,
06-03-2015 13:50:18  [CRH_Internet.CommonFunctions] (PoolService-0:) Entered bfr find ele
06-03-2015 13:50:20  [CRH_Internet.CommonFunctions] (PoolService-0:) Unable to locate element: {"method":"xpath","selector":".//*[contains(text(),'No thanks')]"}
For documentation on this error, please visit: http://seleniumhq.org/exceptions/no_such_element.html
Build info: version: '2.45.0', revision: '5017cb8', time: '2015-02-26 23:59:50'
System info: host: 'BDC6-D-GVB71Q1', ip: '10.143.19.93', os.name: 'Windows 7', os.arch: 'x86', os.version: '6.1', java.version: '1.8.0_40'
Driver info: driver.version: unknown
Command duration or timeout: 1.93 seconds
For documentation on this error, please visit: http://seleniumhq.org/exceptions/no_such_element.html
Build info: version: '2.45.0', revision: '5017cb8e7ca8e37638dc3091b2440b90a1d8686f', time: '2015-02-27 09:10:26'
System info: host: 'BDC6-D-GVB71Q1', ip: '10.143.19.93', os.name: 'Windows 7', os.arch: 'x86', os.version: '6.1', java.version: '1.7.0_72'
*** Element info: {Using=xpath, value=.//*[contains(text(),'No thanks')]}
Session ID: 8ec176fd-1b48-4676-8ebb-389afd8f0de3
Driver info: org.openqa.selenium.remote.RemoteWebDriver
Capabilities [{platform=WINDOWS, javascriptEnabled=true, acceptSslCerts=true, browserName=firefox, rotatable=false, locationContextEnabled=true, webdriver.remote.sessionid=8ec176fd-1b48-4676-8ebb-389afd8f0de3, version=34.0, cssSelectorsEnabled=true, databaseEnabled=true, handlesAlerts=true, webStorageEnabled=true, nativeEvents=true, applicationCacheEnabled=true, takesScreenshot=true}]
06-03-2015 13:50:20  [CRH_Internet.CommonFunctions] (PoolService-0:) ,
06-03-2015 13:50:20  [CRH_Internet.CommonFunctions] (PoolService-0:) Entered bfr find ele
06-03-2015 13:50:21  [CRH_Internet.CommonFunctions] (PoolService-0:) Unable to locate element: {"method":"xpath","selector":".//*[contains(text(),'No thanks')]"}
For documentation on this error, please visit: http://seleniumhq.org/exceptions/no_such_element.html
Build info: version: '2.45.0', revision: '5017cb8', time: '2015-02-26 23:59:50'
System info: host: 'BDC6-D-GVB71Q1', ip: '10.143.19.93', os.name: 'Windows 7', os.arch: 'x86', os.version: '6.1', java.version: '1.8.0_40'
Driver info: driver.version: unknown
Command duration or timeout: 889 milliseconds
For documentation on this error, please visit: http://seleniumhq.org/exceptions/no_such_element.html
Build info: version: '2.45.0', revision: '5017cb8e7ca8e37638dc3091b2440b90a1d8686f', time: '2015-02-27 09:10:26'
System info: host: 'BDC6-D-GVB71Q1', ip: '10.143.19.93', os.name: 'Windows 7', os.arch: 'x86', os.version: '6.1', java.version: '1.7.0_72'
*** Element info: {Using=xpath, value=.//*[contains(text(),'No thanks')]}
Session ID: 8ec176fd-1b48-4676-8ebb-389afd8f0de3
Driver info: org.openqa.selenium.remote.RemoteWebDriver
Capabilities [{platform=WINDOWS, javascriptEnabled=true, acceptSslCerts=true, browserName=firefox, rotatable=false, locationContextEnabled=true, webdriver.remote.sessionid=8ec176fd-1b48-4676-8ebb-389afd8f0de3, version=34.0, cssSelectorsEnabled=true, databaseEnabled=true, handlesAlerts=true, webStorageEnabled=true, nativeEvents=true, applicationCacheEnabled=true, takesScreenshot=true}]
06-03-2015 13:50:21  [CRH_Internet.CommonFunctions] (PoolService-0:) ,
06-03-2015 13:50:23  [CRH_Internet.CommonFunctions] (PoolService-0:) Unable to locate element: {"method":"xpath","selector":".//*[contains(text(),'No thanks')]"}
For documentation on this error, please visit: http://seleniumhq.org/exceptions/no_such_element.html
Build info: version: '2.45.0', revision: '5017cb8', time: '2015-02-26 23:59:50'
System info: host: 'BDC6-D-GVB71Q1', ip: '10.143.19.93', os.name: 'Windows 7', os.arch: 'x86', os.version: '6.1', java.version: '1.8.0_40'
Driver info: driver.version: unknown
Command duration or timeout: 1.30 seconds
For documentation on this error, please visit: http://seleniumhq.org/exceptions/no_such_element.html
Build info: version: '2.45.0', revision: '5017cb8e7ca8e37638dc3091b2440b90a1d8686f', time: '2015-02-27 09:10:26'
System info: host: 'BDC6-D-GVB71Q1', ip: '10.143.19.93', os.name: 'Windows 7', os.arch: 'x86', os.version: '6.1', java.version: '1.7.0_72'
*** Element info: {Using=xpath, value=.//*[contains(text(),'No thanks')]}
Session ID: 8ec176fd-1b48-4676-8ebb-389afd8f0de3
Driver info: org.openqa.selenium.remote.RemoteWebDriver
Capabilities [{platform=WINDOWS, javascriptEnabled=true, acceptSslCerts=true, browserName=firefox, rotatable=false, locationContextEnabled=true, webdriver.remote.sessionid=8ec176fd-1b48-4676-8ebb-389afd8f0de3, version=34.0, cssSelectorsEnabled=true, databaseEnabled=true, handlesAlerts=true, webStorageEnabled=true, nativeEvents=true, applicationCacheEnabled=true, takesScreenshot=true}]
06-03-2015 13:50:23  [CRH_Internet.CommonFunctions] (PoolService-0:) ,
06-03-2015 13:50:24  [CRH_Internet.CommonFunctions] (PoolService-0:) Entered bfr find ele
06-03-2015 13:50:24  [CRH_Internet.CommonFunctions] (PoolService-1:) -------First run is called---pwd---chrome null
06-03-2015 13:50:24  [CRH_Internet.CommonFunctions] (PoolService-1:) Get R*Pass
06-03-2015 13:50:24  [CRH_Internet.CommonFunctions] (PoolService-1:) browser[i] chrome
06-03-2015 13:50:24  [CRH_Internet.CommonFunctions] (PoolService-1:) browser[ij]!=null
06-03-2015 13:50:24  [CRH_Internet.CommonFunctions] (PoolService-1:) COUNTER RESULT SHEET VALUE ******** 12br chrome
06-03-2015 13:50:24  [CRH_Internet.CommonFunctions] (PoolService-1:) _June 03_01.50PM
06-03-2015 13:50:26  [CRH_Internet.CommonFunctions] (PoolService-0:) Unable to locate element: {"method":"xpath","selector":".//*[contains(text(),'No thanks')]"}
For documentation on this error, please visit: http://seleniumhq.org/exceptions/no_such_element.html
Build info: version: '2.45.0', revision: '5017cb8', time: '2015-02-26 23:59:50'
System info: host: 'BDC6-D-GVB71Q1', ip: '10.143.19.93', os.name: 'Windows 7', os.arch: 'x86', os.version: '6.1', java.version: '1.8.0_40'
Driver info: driver.version: unknown
Command duration or timeout: 2.02 seconds
For documentation on this error, please visit: http://seleniumhq.org/exceptions/no_such_element.html
Build info: version: '2.45.0', revision: '5017cb8e7ca8e37638dc3091b2440b90a1d8686f', time: '2015-02-27 09:10:26'
System info: host: 'BDC6-D-GVB71Q1', ip: '10.143.19.93', os.name: 'Windows 7', os.arch: 'x86', os.version: '6.1', java.version: '1.7.0_72'
*** Element info: {Using=xpath, value=.//*[contains(text(),'No thanks')]}
Session ID: 8ec176fd-1b48-4676-8ebb-389afd8f0de3
Driver info: org.openqa.selenium.remote.RemoteWebDriver
Capabilities [{platform=WINDOWS, javascriptEnabled=true, acceptSslCerts=true, browserName=firefox, rotatable=false, locationContextEnabled=true, webdriver.remote.sessionid=8ec176fd-1b48-4676-8ebb-389afd8f0de3, version=34.0, cssSelectorsEnabled=true, databaseEnabled=true, handlesAlerts=true, webStorageEnabled=true, nativeEvents=true, applicationCacheEnabled=true, takesScreenshot=true}]
06-03-2015 13:50:26  [CRH_Internet.CommonFunctions] (PoolService-0:) ,
06-03-2015 13:50:27  [CRH_Internet.CommonFunctions] (PoolService-0:) Entered bfr find ele
06-03-2015 13:50:27  [CRH_Internet.CommonFunctions] (PoolService-1:) storing done******
06-03-2015 13:50:27  [CRH_Internet.CommonFunctions] (PoolService-1:) COUNTER RESULT SHEET VALUE ******** 12br chrome
06-03-2015 13:50:27  [CRH_Internet.CommonFunctions] (PoolService-1:) result_actualPassword is entered and masked Refer screenshot: C:\Users\ankita.mandal.GDNINDIA\workspace\CRH_EBF_Latest////Test_Results//BDC6-D-GVB71Q1_Test_Results////CRH_EBF_Internet_Pass_Screenshots//chrome////RT_Internet_001__Int_Pass2_June 03_01.50PM.png
06-03-2015 13:50:27  [CRH_Internet.CommonFunctions] (PoolService-1:) result_expectedshould be able to enter the password
06-03-2015 13:50:27  [CRH_Internet.CommonFunctions] (PoolService-1:) result_scenarioUser enters TWC password 
06-03-2015 13:50:27  [CRH_Internet.CommonFunctions] (PoolService-1:) result Pass
06-03-2015 13:50:27  [CRH_Internet.CommonFunctions] (PoolService-1:) RB ... if...{}
06-03-2015 13:50:27  [CRH_Internet.CommonFunctions] (PoolService-1:) COUNTER RESULT SHEET VALUE ******** 12br chrome arrcount [I@5d1670
06-03-2015 13:50:27  [CRH_Internet.CommonFunctions] (PoolService-1:) Pass
06-03-2015 13:50:27  [CRH_Internet.CommonFunctions] (PoolService-1:) User enters TWC password 
06-03-2015 13:50:27  [CRH_Internet.CommonFunctions] (PoolService-1:) Password is entered and masked
06-03-2015 13:50:27  [CRH_Internet.CommonFunctions] (PoolService-1:) should be able to enter the password
06-03-2015 13:50:27  [CRH_Internet.CommonFunctions] (PoolService-1:) The set of keys are!@#$%^&* []
06-03-2015 13:50:27  [CRH_Internet.CommonFunctions] (PoolService-1:) Values **** rb.getResult()**= nulln
06-03-2015 13:50:27  [CRH_Internet.CommonFunctions] (PoolService-1:) Pass
06-03-2015 13:50:27  [CRH_Internet.CommonFunctions] (PoolService-1:) STATUS TRACKER OVER**************
06-03-2015 13:50:27  [CRH_Internet.CommonFunctions] (PoolService-1:) arrcount is [I@5d1670 brchrome
06-03-2015 13:50:27  [CRH_Internet.CommonFunctions] (PoolService-1:) -------First run is called------
06-03-2015 13:50:28  [CRH_Internet.CommonFunctions] (PoolService-0:) Unable to locate element: {"method":"xpath","selector":".//*[contains(text(),'No thanks')]"}
For documentation on this error, please visit: http://seleniumhq.org/exceptions/no_such_element.html
Build info: version: '2.45.0', revision: '5017cb8', time: '2015-02-26 23:59:50'
System info: host: 'BDC6-D-GVB71Q1', ip: '10.143.19.93', os.name: 'Windows 7', os.arch: 'x86', os.version: '6.1', java.version: '1.8.0_40'
Driver info: driver.version: unknown
Command duration or timeout: 1.48 seconds
For documentation on this error, please visit: http://seleniumhq.org/exceptions/no_such_element.html
Build info: version: '2.45.0', revision: '5017cb8e7ca8e37638dc3091b2440b90a1d8686f', time: '2015-02-27 09:10:26'
System info: host: 'BDC6-D-GVB71Q1', ip: '10.143.19.93', os.name: 'Windows 7', os.arch: 'x86', os.version: '6.1', java.version: '1.7.0_72'
*** Element info: {Using=xpath, value=.//*[contains(text(),'No thanks')]}
Session ID: 8ec176fd-1b48-4676-8ebb-389afd8f0de3
Driver info: org.openqa.selenium.remote.RemoteWebDriver
Capabilities [{platform=WINDOWS, javascriptEnabled=true, acceptSslCerts=true, browserName=firefox, rotatable=false, locationContextEnabled=true, webdriver.remote.sessionid=8ec176fd-1b48-4676-8ebb-389afd8f0de3, version=34.0, cssSelectorsEnabled=true, databaseEnabled=true, handlesAlerts=true, webStorageEnabled=true, nativeEvents=true, applicationCacheEnabled=true, takesScreenshot=true}]
06-03-2015 13:50:28  [CRH_Internet.CommonFunctions] (PoolService-0:) ,
06-03-2015 13:50:29  [CRH_Internet.CommonFunctions] (PoolService-1:) Entered bfr find ele
06-03-2015 13:50:31  [CRH_Internet.CommonFunctions] (PoolService-1:) no such element
  (Session info: chrome=43.0.2357.81)
  (Driver info: chromedriver=2.8.241075,platform=Windows NT 6.1 SP1 x86) (WARNING: The server did not provide any stacktrace information)
Command duration or timeout: 826 milliseconds
For documentation on this error, please visit: http://seleniumhq.org/exceptions/no_such_element.html
Build info: version: '2.45.0', revision: '5017cb8', time: '2015-02-26 23:59:50'
System info: host: 'BDC6-D-GVB71Q1', ip: '10.143.19.93', os.name: 'Windows 7', os.arch: 'x86', os.version: '6.1', java.version: '1.8.0_40'
Driver info: org.openqa.selenium.chrome.ChromeDriver
Capabilities [{applicationCacheEnabled=false, rotatable=false, chrome={userDataDir=C:\Users\ANKITA~1.GDN\AppData\Local\Temp\scoped_dir6420_26103}, takesHeapSnapshot=true, databaseEnabled=false, handlesAlerts=true, version=43.0.2357.81, platform=XP, browserConnectionEnabled=false, nativeEvents=true, acceptSslCerts=true, locationContextEnabled=true, webStorageEnabled=true, browserName=chrome, takesScreenshot=true, javascriptEnabled=true, cssSelectorsEnabled=true}]
Session ID: 93e2bb1a787a8cbf3f576869429bf30a
*** Element info: {Using=xpath, value=.//*[contains(text(),'No thanks')]}
Command duration or timeout: 1.55 seconds
For documentation on this error, please visit: http://seleniumhq.org/exceptions/no_such_element.html
Build info: version: '2.45.0', revision: '5017cb8e7ca8e37638dc3091b2440b90a1d8686f', time: '2015-02-27 09:10:26'
System info: host: 'BDC6-D-GVB71Q1', ip: '10.143.19.93', os.name: 'Windows 7', os.arch: 'x86', os.version: '6.1', java.version: '1.7.0_72'
*** Element info: {Using=xpath, value=.//*[contains(text(),'No thanks')]}
Session ID: f04306d8-b370-4503-800e-cb94995bf4f1
Driver info: org.openqa.selenium.remote.RemoteWebDriver
Capabilities [{platform=XP, javascriptEnabled=true, acceptSslCerts=true, browserName=chrome, chrome={userDataDir=C:\Users\ANKITA~1.GDN\AppData\Local\Temp\scoped_dir6420_26103}, rotatable=false, locationContextEnabled=true, webdriver.remote.sessionid=f04306d8-b370-4503-800e-cb94995bf4f1, version=43.0.2357.81, takesHeapSnapshot=true, cssSelectorsEnabled=true, databaseEnabled=false, handlesAlerts=true, browserConnectionEnabled=false, webStorageEnabled=true, nativeEvents=true, applicationCacheEnabled=false, takesScreenshot=true}]
06-03-2015 13:50:31  [CRH_Internet.CommonFunctions] (PoolService-1:) ,
06-03-2015 13:50:32  [CRH_Internet.CommonFunctions] (PoolService-1:) Entered bfr find ele
06-03-2015 13:50:33  [CRH_Internet.CommonFunctions] (PoolService-1:) no such element
  (Session info: chrome=43.0.2357.81)
  (Driver info: chromedriver=2.8.241075,platform=Windows NT 6.1 SP1 x86) (WARNING: The server did not provide any stacktrace information)
Command duration or timeout: 692 milliseconds
For documentation on this error, please visit: http://seleniumhq.org/exceptions/no_such_element.html
Build info: version: '2.45.0', revision: '5017cb8', time: '2015-02-26 23:59:50'
System info: host: 'BDC6-D-GVB71Q1', ip: '10.143.19.93', os.name: 'Windows 7', os.arch: 'x86', os.version: '6.1', java.version: '1.8.0_40'
Driver info: org.openqa.selenium.chrome.ChromeDriver
Capabilities [{applicationCacheEnabled=false, rotatable=false, chrome={userDataDir=C:\Users\ANKITA~1.GDN\AppData\Local\Temp\scoped_dir6420_26103}, takesHeapSnapshot=true, databaseEnabled=false, handlesAlerts=true, version=43.0.2357.81, platform=XP, browserConnectionEnabled=false, nativeEvents=true, acceptSslCerts=true, locationContextEnabled=true, webStorageEnabled=true, browserName=chrome, takesScreenshot=true, javascriptEnabled=true, cssSelectorsEnabled=true}]
Session ID: 93e2bb1a787a8cbf3f576869429bf30a
*** Element info: {Using=xpath, value=.//*[contains(text(),'No thanks')]}
Command duration or timeout: 1.64 seconds
For documentation on this error, please visit: http://seleniumhq.org/exceptions/no_such_element.html
Build info: version: '2.45.0', revision: '5017cb8e7ca8e37638dc3091b2440b90a1d8686f', time: '2015-02-27 09:10:26'
System info: host: 'BDC6-D-GVB71Q1', ip: '10.143.19.93', os.name: 'Windows 7', os.arch: 'x86', os.version: '6.1', java.version: '1.7.0_72'
*** Element info: {Using=xpath, value=.//*[contains(text(),'No thanks')]}
Session ID: f04306d8-b370-4503-800e-cb94995bf4f1
Driver info: org.openqa.selenium.remote.RemoteWebDriver
Capabilities [{platform=XP, javascriptEnabled=true, acceptSslCerts=true, browserName=chrome, chrome={userDataDir=C:\Users\ANKITA~1.GDN\AppData\Local\Temp\scoped_dir6420_26103}, rotatable=false, locationContextEnabled=true, webdriver.remote.sessionid=f04306d8-b370-4503-800e-cb94995bf4f1, version=43.0.2357.81, takesHeapSnapshot=true, cssSelectorsEnabled=true, databaseEnabled=false, handlesAlerts=true, browserConnectionEnabled=false, webStorageEnabled=true, nativeEvents=true, applicationCacheEnabled=false, takesScreenshot=true}]
06-03-2015 13:50:33  [CRH_Internet.CommonFunctions] (PoolService-1:) ,
06-03-2015 13:50:34  [CRH_Internet.CommonFunctions] (PoolService-0:) -------First run is called------FF null
06-03-2015 13:50:34  [CRH_Internet.CommonFunctions] (PoolService-0:) Get R*Pass
06-03-2015 13:50:34  [CRH_Internet.CommonFunctions] (PoolService-0:) browser[i] chrome
06-03-2015 13:50:34  [CRH_Internet.CommonFunctions] (PoolService-0:) browser[ij]!=null
06-03-2015 13:50:34  [CRH_Internet.CommonFunctions] (PoolService-0:) COUNTER RESULT SHEET VALUE ******** 11br FF
06-03-2015 13:50:34  [CRH_Internet.CommonFunctions] (PoolService-0:) _June 03_01.50PM
06-03-2015 13:50:35  [CRH_Internet.CommonFunctions] (PoolService-1:) Entered bfr find ele
06-03-2015 13:50:35  [CRH_Internet.CommonFunctions] (PoolService-0:) storing done******
06-03-2015 13:50:35  [CRH_Internet.CommonFunctions] (PoolService-0:) COUNTER RESULT SHEET VALUE ******** 11br FF
06-03-2015 13:50:35  [CRH_Internet.CommonFunctions] (PoolService-0:) result_actualUser name displays Refer screenshot: C:\Users\ankita.mandal.GDNINDIA\workspace\CRH_EBF_Latest////Test_Results//BDC6-D-GVB71Q1_Test_Results////CRH_EBF_Internet_Pass_Screenshots//FF////RT_Internet_001__Int_Pass3_June 03_01.50PM.png
06-03-2015 13:50:35  [CRH_Internet.CommonFunctions] (PoolService-0:) result_expectedshould be able to enter the userId
06-03-2015 13:50:35  [CRH_Internet.CommonFunctions] (PoolService-0:) result_scenarioUser enters TWC username 
06-03-2015 13:50:35  [CRH_Internet.CommonFunctions] (PoolService-0:) result Pass
06-03-2015 13:50:35  [CRH_Internet.CommonFunctions] (PoolService-0:) RB ... if...{}
06-03-2015 13:50:35  [CRH_Internet.CommonFunctions] (PoolService-0:) COUNTER RESULT SHEET VALUE ******** 11br FF arrcount [I@5d1670
06-03-2015 13:50:35  [CRH_Internet.CommonFunctions] (PoolService-0:) Pass
06-03-2015 13:50:35  [CRH_Internet.CommonFunctions] (PoolService-0:) User enters TWC username 
06-03-2015 13:50:35  [CRH_Internet.CommonFunctions] (PoolService-0:) User name displays
06-03-2015 13:50:35  [CRH_Internet.CommonFunctions] (PoolService-0:) should be able to enter the userId
06-03-2015 13:50:35  [CRH_Internet.CommonFunctions] (PoolService-0:) The set of keys are!@#$%^&* []
06-03-2015 13:50:35  [CRH_Internet.CommonFunctions] (PoolService-0:) Values **** rb.getResult()**= nulln
06-03-2015 13:50:35  [CRH_Internet.CommonFunctions] (PoolService-0:) Pass
06-03-2015 13:50:35  [CRH_Internet.CommonFunctions] (PoolService-0:) STATUS TRACKER OVER**************
06-03-2015 13:50:35  [CRH_Internet.CommonFunctions] (PoolService-0:) arrcount is [I@5d1670 brFF
06-03-2015 13:50:35  [CRH_Internet.CommonFunctions] (PoolService-0:) -------First run is called-----usrname-FF null
06-03-2015 13:50:35  [CRH_Internet.CommonFunctions] (PoolService-0:) Entered bfr find ele
06-03-2015 13:50:37  [CRH_Internet.CommonFunctions] (PoolService-0:) Unable to locate element: {"method":"xpath","selector":".//*[contains(text(),'No thanks')]"}
For documentation on this error, please visit: http://seleniumhq.org/exceptions/no_such_element.html
Build info: version: '2.45.0', revision: '5017cb8', time: '2015-02-26 23:59:50'
System info: host: 'BDC6-D-GVB71Q1', ip: '10.143.19.93', os.name: 'Windows 7', os.arch: 'x86', os.version: '6.1', java.version: '1.8.0_40'
Driver info: driver.version: unknown
Command duration or timeout: 1.33 seconds
For documentation on this error, please visit: http://seleniumhq.org/exceptions/no_such_element.html
Build info: version: '2.45.0', revision: '5017cb8e7ca8e37638dc3091b2440b90a1d8686f', time: '2015-02-27 09:10:26'
System info: host: 'BDC6-D-GVB71Q1', ip: '10.143.19.93', os.name: 'Windows 7', os.arch: 'x86', os.version: '6.1', java.version: '1.7.0_72'
*** Element info: {Using=xpath, value=.//*[contains(text(),'No thanks')]}
Session ID: 8ec176fd-1b48-4676-8ebb-389afd8f0de3
Driver info: org.openqa.selenium.remote.RemoteWebDriver
Capabilities [{platform=WINDOWS, javascriptEnabled=true, acceptSslCerts=true, browserName=firefox, rotatable=false, locationContextEnabled=true, webdriver.remote.sessionid=8ec176fd-1b48-4676-8ebb-389afd8f0de3, version=34.0, cssSelectorsEnabled=true, databaseEnabled=true, handlesAlerts=true, webStorageEnabled=true, nativeEvents=true, applicationCacheEnabled=true, takesScreenshot=true}]
06-03-2015 13:50:37  [CRH_Internet.CommonFunctions] (PoolService-0:) ,
06-03-2015 13:50:37  [CRH_Internet.CommonFunctions] (PoolService-1:) no such element
  (Session info: chrome=43.0.2357.81)
  (Driver info: chromedriver=2.8.241075,platform=Windows NT 6.1 SP1 x86) (WARNING: The server did not provide any stacktrace information)
Command duration or timeout: 987 milliseconds
For documentation on this error, please visit: http://seleniumhq.org/exceptions/no_such_element.html
Build info: version: '2.45.0', revision: '5017cb8', time: '2015-02-26 23:59:50'
System info: host: 'BDC6-D-GVB71Q1', ip: '10.143.19.93', os.name: 'Windows 7', os.arch: 'x86', os.version: '6.1', java.version: '1.8.0_40'
Driver info: org.openqa.selenium.chrome.ChromeDriver
Capabilities [{applicationCacheEnabled=false, rotatable=false, chrome={userDataDir=C:\Users\ANKITA~1.GDN\AppData\Local\Temp\scoped_dir6420_26103}, takesHeapSnapshot=true, databaseEnabled=false, handlesAlerts=true, version=43.0.2357.81, platform=XP, browserConnectionEnabled=false, nativeEvents=true, acceptSslCerts=true, locationContextEnabled=true, webStorageEnabled=true, browserName=chrome, takesScreenshot=true, javascriptEnabled=true, cssSelectorsEnabled=true}]
Session ID: 93e2bb1a787a8cbf3f576869429bf30a
*** Element info: {Using=xpath, value=.//*[contains(text(),'No thanks')]}
Command duration or timeout: 1.73 seconds
For documentation on this error, please visit: http://seleniumhq.org/exceptions/no_such_element.html
Build info: version: '2.45.0', revision: '5017cb8e7ca8e37638dc3091b2440b90a1d8686f', time: '2015-02-27 09:10:26'
System info: host: 'BDC6-D-GVB71Q1', ip: '10.143.19.93', os.name: 'Windows 7', os.arch: 'x86', os.version: '6.1', java.version: '1.7.0_72'
*** Element info: {Using=xpath, value=.//*[contains(text(),'No thanks')]}
Session ID: f04306d8-b370-4503-800e-cb94995bf4f1
Driver info: org.openqa.selenium.remote.RemoteWebDriver
Capabilities [{platform=XP, javascriptEnabled=true, acceptSslCerts=true, browserName=chrome, chrome={userDataDir=C:\Users\ANKITA~1.GDN\AppData\Local\Temp\scoped_dir6420_26103}, rotatable=false, locationContextEnabled=true, webdriver.remote.sessionid=f04306d8-b370-4503-800e-cb94995bf4f1, version=43.0.2357.81, takesHeapSnapshot=true, cssSelectorsEnabled=true, databaseEnabled=false, handlesAlerts=true, browserConnectionEnabled=false, webStorageEnabled=true, nativeEvents=true, applicationCacheEnabled=false, takesScreenshot=true}]
06-03-2015 13:50:37  [CRH_Internet.CommonFunctions] (PoolService-1:) ,
06-03-2015 13:50:37  [CRH_Internet.CommonFunctions] (PoolService-0:) Entered bfr find ele
06-03-2015 13:50:37  [CRH_Internet.CommonFunctions] (PoolService-1:) Entered bfr find ele
06-03-2015 13:50:38  [CRH_Internet.CommonFunctions] (PoolService-0:) Unable to locate element: {"method":"xpath","selector":".//*[contains(text(),'No thanks')]"}
For documentation on this error, please visit: http://seleniumhq.org/exceptions/no_such_element.html
Build info: version: '2.45.0', revision: '5017cb8', time: '2015-02-26 23:59:50'
System info: host: 'BDC6-D-GVB71Q1', ip: '10.143.19.93', os.name: 'Windows 7', os.arch: 'x86', os.version: '6.1', java.version: '1.8.0_40'
Driver info: driver.version: unknown
Command duration or timeout: 1.20 seconds
For documentation on this error, please visit: http://seleniumhq.org/exceptions/no_such_element.html
Build info: version: '2.45.0', revision: '5017cb8e7ca8e37638dc3091b2440b90a1d8686f', time: '2015-02-27 09:10:26'
System info: host: 'BDC6-D-GVB71Q1', ip: '10.143.19.93', os.name: 'Windows 7', os.arch: 'x86', os.version: '6.1', java.version: '1.7.0_72'
*** Element info: {Using=xpath, value=.//*[contains(text(),'No thanks')]}
Session ID: 8ec176fd-1b48-4676-8ebb-389afd8f0de3
Driver info: org.openqa.selenium.remote.RemoteWebDriver
Capabilities [{platform=WINDOWS, javascriptEnabled=true, acceptSslCerts=true, browserName=firefox, rotatable=false, locationContextEnabled=true, webdriver.remote.sessionid=8ec176fd-1b48-4676-8ebb-389afd8f0de3, version=34.0, cssSelectorsEnabled=true, databaseEnabled=true, handlesAlerts=true, webStorageEnabled=true, nativeEvents=true, applicationCacheEnabled=true, takesScreenshot=true}]
06-03-2015 13:50:38  [CRH_Internet.CommonFunctions] (PoolService-0:) ,
06-03-2015 13:50:39  [CRH_Internet.CommonFunctions] (PoolService-1:) no such element
  (Session info: chrome=43.0.2357.81)
  (Driver info: chromedriver=2.8.241075,platform=Windows NT 6.1 SP1 x86) (WARNING: The server did not provide any stacktrace information)
Command duration or timeout: 843 milliseconds
For documentation on this error, please visit: http://seleniumhq.org/exceptions/no_such_element.html
Build info: version: '2.45.0', revision: '5017cb8', time: '2015-02-26 23:59:50'
System info: host: 'BDC6-D-GVB71Q1', ip: '10.143.19.93', os.name: 'Windows 7', os.arch: 'x86', os.version: '6.1', java.version: '1.8.0_40'
Driver info: org.openqa.selenium.chrome.ChromeDriver
Capabilities [{applicationCacheEnabled=false, rotatable=false, chrome={userDataDir=C:\Users\ANKITA~1.GDN\AppData\Local\Temp\scoped_dir6420_26103}, takesHeapSnapshot=true, databaseEnabled=false, handlesAlerts=true, version=43.0.2357.81, platform=XP, browserConnectionEnabled=false, nativeEvents=true, acceptSslCerts=true, locationContextEnabled=true, webStorageEnabled=true, browserName=chrome, takesScreenshot=true, javascriptEnabled=true, cssSelectorsEnabled=true}]
Session ID: 93e2bb1a787a8cbf3f576869429bf30a
*** Element info: {Using=xpath, value=.//*[contains(text(),'No thanks')]}
Command duration or timeout: 1.52 seconds
For documentation on this error, please visit: http://seleniumhq.org/exceptions/no_such_element.html
Build info: version: '2.45.0', revision: '5017cb8e7ca8e37638dc3091b2440b90a1d8686f', time: '2015-02-27 09:10:26'
System info: host: 'BDC6-D-GVB71Q1', ip: '10.143.19.93', os.name: 'Windows 7', os.arch: 'x86', os.version: '6.1', java.version: '1.7.0_72'
*** Element info: {Using=xpath, value=.//*[contains(text(),'No thanks')]}
Session ID: f04306d8-b370-4503-800e-cb94995bf4f1
Driver info: org.openqa.selenium.remote.RemoteWebDriver
Capabilities [{platform=XP, javascriptEnabled=true, acceptSslCerts=true, browserName=chrome, chrome={userDataDir=C:\Users\ANKITA~1.GDN\AppData\Local\Temp\scoped_dir6420_26103}, rotatable=false, locationContextEnabled=true, webdriver.remote.sessionid=f04306d8-b370-4503-800e-cb94995bf4f1, version=43.0.2357.81, takesHeapSnapshot=true, cssSelectorsEnabled=true, databaseEnabled=false, handlesAlerts=true, browserConnectionEnabled=false, webStorageEnabled=true, nativeEvents=true, applicationCacheEnabled=false, takesScreenshot=true}]
06-03-2015 13:50:39  [CRH_Internet.CommonFunctions] (PoolService-1:) ,
06-03-2015 13:50:39  [CRH_Internet.CommonFunctions] (PoolService-0:) -------First run is called---pwd---FF null
06-03-2015 13:50:39  [CRH_Internet.CommonFunctions] (PoolService-0:) Get R*Pass
06-03-2015 13:50:39  [CRH_Internet.CommonFunctions] (PoolService-0:) browser[i] chrome
06-03-2015 13:50:39  [CRH_Internet.CommonFunctions] (PoolService-0:) browser[ij]!=null
06-03-2015 13:50:39  [CRH_Internet.CommonFunctions] (PoolService-0:) browser[ij]!=null
06-03-2015 13:50:39  [CRH_Internet.CommonFunctions] (PoolService-0:) COUNTER RESULT SHEET VALUE ******** 12br FF
06-03-2015 13:50:39  [CRH_Internet.CommonFunctions] (PoolService-0:) _June 03_01.50PM
06-03-2015 13:50:40  [CRH_Internet.CommonFunctions] (PoolService-0:) storing done******
06-03-2015 13:50:40  [CRH_Internet.CommonFunctions] (PoolService-0:) COUNTER RESULT SHEET VALUE ******** 12br FF
06-03-2015 13:50:40  [CRH_Internet.CommonFunctions] (PoolService-0:) result_actualPassword is entered and masked Refer screenshot: C:\Users\ankita.mandal.GDNINDIA\workspace\CRH_EBF_Latest////Test_Results//BDC6-D-GVB71Q1_Test_Results////CRH_EBF_Internet_Pass_Screenshots//FF////RT_Internet_001__Int_Pass4_June 03_01.50PM.png
06-03-2015 13:50:40  [CRH_Internet.CommonFunctions] (PoolService-0:) result_expectedshould be able to enter the password
06-03-2015 13:50:40  [CRH_Internet.CommonFunctions] (PoolService-0:) result_scenarioUser enters TWC password 
06-03-2015 13:50:40  [CRH_Internet.CommonFunctions] (PoolService-0:) result Pass
06-03-2015 13:50:40  [CRH_Internet.CommonFunctions] (PoolService-0:) RB ... if...{}
06-03-2015 13:50:40  [CRH_Internet.CommonFunctions] (PoolService-0:) COUNTER RESULT SHEET VALUE ******** 12br FF arrcount [I@5d1670
06-03-2015 13:50:40  [CRH_Internet.CommonFunctions] (PoolService-0:) Pass
06-03-2015 13:50:40  [CRH_Internet.CommonFunctions] (PoolService-0:) User enters TWC password 
06-03-2015 13:50:40  [CRH_Internet.CommonFunctions] (PoolService-0:) Password is entered and masked
06-03-2015 13:50:40  [CRH_Internet.CommonFunctions] (PoolService-0:) should be able to enter the password
06-03-2015 13:50:40  [CRH_Internet.CommonFunctions] (PoolService-0:) The set of keys are!@#$%^&* []
06-03-2015 13:50:40  [CRH_Internet.CommonFunctions] (PoolService-0:) Values **** rb.getResult()**= nulln
06-03-2015 13:50:40  [CRH_Internet.CommonFunctions] (PoolService-0:) Pass
06-03-2015 13:50:40  [CRH_Internet.CommonFunctions] (PoolService-0:) STATUS TRACKER OVER**************
06-03-2015 13:50:40  [CRH_Internet.CommonFunctions] (PoolService-0:) arrcount is [I@5d1670 brFF
06-03-2015 13:50:40  [CRH_Internet.CommonFunctions] (PoolService-0:) -------First run is called------
06-03-2015 13:50:41  [CRH_Internet.CommonFunctions] (PoolService-1:) no such element
  (Session info: chrome=43.0.2357.81)
  (Driver info: chromedriver=2.8.241075,platform=Windows NT 6.1 SP1 x86) (WARNING: The server did not provide any stacktrace information)
Command duration or timeout: 867 milliseconds
For documentation on this error, please visit: http://seleniumhq.org/exceptions/no_such_element.html
Build info: version: '2.45.0', revision: '5017cb8', time: '2015-02-26 23:59:50'
System info: host: 'BDC6-D-GVB71Q1', ip: '10.143.19.93', os.name: 'Windows 7', os.arch: 'x86', os.version: '6.1', java.version: '1.8.0_40'
Driver info: org.openqa.selenium.chrome.ChromeDriver
Capabilities [{applicationCacheEnabled=false, rotatable=false, chrome={userDataDir=C:\Users\ANKITA~1.GDN\AppData\Local\Temp\scoped_dir6420_26103}, takesHeapSnapshot=true, databaseEnabled=false, handlesAlerts=true, version=43.0.2357.81, platform=XP, browserConnectionEnabled=false, nativeEvents=true, acceptSslCerts=true, locationContextEnabled=true, webStorageEnabled=true, browserName=chrome, takesScreenshot=true, javascriptEnabled=true, cssSelectorsEnabled=true}]
Session ID: 93e2bb1a787a8cbf3f576869429bf30a
*** Element info: {Using=xpath, value=.//*[contains(text(),'No thanks')]}
Command duration or timeout: 1.74 seconds
For documentation on this error, please visit: http://seleniumhq.org/exceptions/no_such_element.html
Build info: version: '2.45.0', revision: '5017cb8e7ca8e37638dc3091b2440b90a1d8686f', time: '2015-02-27 09:10:26'
System info: host: 'BDC6-D-GVB71Q1', ip: '10.143.19.93', os.name: 'Windows 7', os.arch: 'x86', os.version: '6.1', java.version: '1.7.0_72'
*** Element info: {Using=xpath, value=.//*[contains(text(),'No thanks')]}
Session ID: f04306d8-b370-4503-800e-cb94995bf4f1
Driver info: org.openqa.selenium.remote.RemoteWebDriver
Capabilities [{platform=XP, javascriptEnabled=true, acceptSslCerts=true, browserName=chrome, chrome={userDataDir=C:\Users\ANKITA~1.GDN\AppData\Local\Temp\scoped_dir6420_26103}, rotatable=false, locationContextEnabled=true, webdriver.remote.sessionid=f04306d8-b370-4503-800e-cb94995bf4f1, version=43.0.2357.81, takesHeapSnapshot=true, cssSelectorsEnabled=true, databaseEnabled=false, handlesAlerts=true, browserConnectionEnabled=false, webStorageEnabled=true, nativeEvents=true, applicationCacheEnabled=false, takesScreenshot=true}]
06-03-2015 13:50:41  [CRH_Internet.CommonFunctions] (PoolService-1:) ,
06-03-2015 13:50:42  [CRH_Internet.CommonFunctions] (PoolService-0:) Entered bfr find ele
06-03-2015 13:50:43  [CRH_Internet.CommonFunctions] (PoolService-1:) Log-in itteration is 1
06-03-2015 13:50:43  [CRH_Internet.CommonFunctions] (PoolService-0:) Unable to locate element: {"method":"xpath","selector":".//*[contains(text(),'No thanks')]"}
For documentation on this error, please visit: http://seleniumhq.org/exceptions/no_such_element.html
Build info: version: '2.45.0', revision: '5017cb8', time: '2015-02-26 23:59:50'
System info: host: 'BDC6-D-GVB71Q1', ip: '10.143.19.93', os.name: 'Windows 7', os.arch: 'x86', os.version: '6.1', java.version: '1.8.0_40'
Driver info: driver.version: unknown
Command duration or timeout: 820 milliseconds
For documentation on this error, please visit: http://seleniumhq.org/exceptions/no_such_element.html
Build info: version: '2.45.0', revision: '5017cb8e7ca8e37638dc3091b2440b90a1d8686f', time: '2015-02-27 09:10:26'
System info: host: 'BDC6-D-GVB71Q1', ip: '10.143.19.93', os.name: 'Windows 7', os.arch: 'x86', os.version: '6.1', java.version: '1.7.0_72'
*** Element info: {Using=xpath, value=.//*[contains(text(),'No thanks')]}
Session ID: 8ec176fd-1b48-4676-8ebb-389afd8f0de3
Driver info: org.openqa.selenium.remote.RemoteWebDriver
Capabilities [{platform=WINDOWS, javascriptEnabled=true, acceptSslCerts=true, browserName=firefox, rotatable=false, locationContextEnabled=true, webdriver.remote.sessionid=8ec176fd-1b48-4676-8ebb-389afd8f0de3, version=34.0, cssSelectorsEnabled=true, databaseEnabled=true, handlesAlerts=true, webStorageEnabled=true, nativeEvents=true, applicationCacheEnabled=true, takesScreenshot=true}]
06-03-2015 13:50:43  [CRH_Internet.CommonFunctions] (PoolService-0:) ,
06-03-2015 13:50:44  [CRH_Internet.CommonFunctions] (PoolService-0:) Entered bfr find ele
06-03-2015 13:50:44  [CRH_Internet.CommonFunctions] (PoolService-0:) Unable to locate element: {"method":"xpath","selector":".//*[contains(text(),'No thanks')]"}
For documentation on this error, please visit: http://seleniumhq.org/exceptions/no_such_element.html
Build info: version: '2.45.0', revision: '5017cb8', time: '2015-02-26 23:59:50'
System info: host: 'BDC6-D-GVB71Q1', ip: '10.143.19.93', os.name: 'Windows 7', os.arch: 'x86', os.version: '6.1', java.version: '1.8.0_40'
Driver info: driver.version: unknown
Command duration or timeout: 773 milliseconds
For documentation on this error, please visit: http://seleniumhq.org/exceptions/no_such_element.html
Build info: version: '2.45.0', revision: '5017cb8e7ca8e37638dc3091b2440b90a1d8686f', time: '2015-02-27 09:10:26'
System info: host: 'BDC6-D-GVB71Q1', ip: '10.143.19.93', os.name: 'Windows 7', os.arch: 'x86', os.version: '6.1', java.version: '1.7.0_72'
*** Element info: {Using=xpath, value=.//*[contains(text(),'No thanks')]}
Session ID: 8ec176fd-1b48-4676-8ebb-389afd8f0de3
Driver info: org.openqa.selenium.remote.RemoteWebDriver
Capabilities [{platform=WINDOWS, javascriptEnabled=true, acceptSslCerts=true, browserName=firefox, rotatable=false, locationContextEnabled=true, webdriver.remote.sessionid=8ec176fd-1b48-4676-8ebb-389afd8f0de3, version=34.0, cssSelectorsEnabled=true, databaseEnabled=true, handlesAlerts=true, webStorageEnabled=true, nativeEvents=true, applicationCacheEnabled=true, takesScreenshot=true}]
06-03-2015 13:50:44  [CRH_Internet.CommonFunctions] (PoolService-0:) ,
06-03-2015 13:50:45  [CRH_Internet.CommonFunctions] (PoolService-0:) Entered bfr find ele
06-03-2015 13:50:46  [CRH_Internet.CommonFunctions] (PoolService-0:) Unable to locate element: {"method":"xpath","selector":".//*[contains(text(),'No thanks')]"}
For documentation on this error, please visit: http://seleniumhq.org/exceptions/no_such_element.html
Build info: version: '2.45.0', revision: '5017cb8', time: '2015-02-26 23:59:50'
System info: host: 'BDC6-D-GVB71Q1', ip: '10.143.19.93', os.name: 'Windows 7', os.arch: 'x86', os.version: '6.1', java.version: '1.8.0_40'
Driver info: driver.version: unknown
Command duration or timeout: 838 milliseconds
For documentation on this error, please visit: http://seleniumhq.org/exceptions/no_such_element.html
Build info: version: '2.45.0', revision: '5017cb8e7ca8e37638dc3091b2440b90a1d8686f', time: '2015-02-27 09:10:26'
System info: host: 'BDC6-D-GVB71Q1', ip: '10.143.19.93', os.name: 'Windows 7', os.arch: 'x86', os.version: '6.1', java.version: '1.7.0_72'
*** Element info: {Using=xpath, value=.//*[contains(text(),'No thanks')]}
Session ID: 8ec176fd-1b48-4676-8ebb-389afd8f0de3
Driver info: org.openqa.selenium.remote.RemoteWebDriver
Capabilities [{platform=WINDOWS, javascriptEnabled=true, acceptSslCerts=true, browserName=firefox, rotatable=false, locationContextEnabled=true, webdriver.remote.sessionid=8ec176fd-1b48-4676-8ebb-389afd8f0de3, version=34.0, cssSelectorsEnabled=true, databaseEnabled=true, handlesAlerts=true, webStorageEnabled=true, nativeEvents=true, applicationCacheEnabled=true, takesScreenshot=true}]
06-03-2015 13:50:46  [CRH_Internet.CommonFunctions] (PoolService-0:) ,
06-03-2015 13:50:47  [CRH_Internet.CommonFunctions] (PoolService-0:) Entered bfr find ele
06-03-2015 13:50:47  [CRH_Internet.CommonFunctions] (PoolService-0:) Unable to locate element: {"method":"xpath","selector":".//*[contains(text(),'No thanks')]"}
For documentation on this error, please visit: http://seleniumhq.org/exceptions/no_such_element.html
Build info: version: '2.45.0', revision: '5017cb8', time: '2015-02-26 23:59:50'
System info: host: 'BDC6-D-GVB71Q1', ip: '10.143.19.93', os.name: 'Windows 7', os.arch: 'x86', os.version: '6.1', java.version: '1.8.0_40'
Driver info: driver.version: unknown
Command duration or timeout: 609 milliseconds
For documentation on this error, please visit: http://seleniumhq.org/exceptions/no_such_element.html
Build info: version: '2.45.0', revision: '5017cb8e7ca8e37638dc3091b2440b90a1d8686f', time: '2015-02-27 09:10:26'
System info: host: 'BDC6-D-GVB71Q1', ip: '10.143.19.93', os.name: 'Windows 7', os.arch: 'x86', os.version: '6.1', java.version: '1.7.0_72'
*** Element info: {Using=xpath, value=.//*[contains(text(),'No thanks')]}
Session ID: 8ec176fd-1b48-4676-8ebb-389afd8f0de3
Driver info: org.openqa.selenium.remote.RemoteWebDriver
Capabilities [{platform=WINDOWS, javascriptEnabled=true, acceptSslCerts=true, browserName=firefox, rotatable=false, locationContextEnabled=true, webdriver.remote.sessionid=8ec176fd-1b48-4676-8ebb-389afd8f0de3, version=34.0, cssSelectorsEnabled=true, databaseEnabled=true, handlesAlerts=true, webStorageEnabled=true, nativeEvents=true, applicationCacheEnabled=true, takesScreenshot=true}]
06-03-2015 13:50:47  [CRH_Internet.CommonFunctions] (PoolService-0:) ,
06-03-2015 13:50:48  [CRH_Internet.CommonFunctions] (PoolService-0:) Unable to locate element: {"method":"xpath","selector":".//*[contains(text(),'No thanks')]"}
For documentation on this error, please visit: http://seleniumhq.org/exceptions/no_such_element.html
Build info: version: '2.45.0', revision: '5017cb8', time: '2015-02-26 23:59:50'
System info: host: 'BDC6-D-GVB71Q1', ip: '10.143.19.93', os.name: 'Windows 7', os.arch: 'x86', os.version: '6.1', java.version: '1.8.0_40'
Driver info: driver.version: unknown
Command duration or timeout: 1.06 seconds
For documentation on this error, please visit: http://seleniumhq.org/exceptions/no_such_element.html
Build info: version: '2.45.0', revision: '5017cb8e7ca8e37638dc3091b2440b90a1d8686f', time: '2015-02-27 09:10:26'
System info: host: 'BDC6-D-GVB71Q1', ip: '10.143.19.93', os.name: 'Windows 7', os.arch: 'x86', os.version: '6.1', java.version: '1.7.0_72'
*** Element info: {Using=xpath, value=.//*[contains(text(),'No thanks')]}
Session ID: 8ec176fd-1b48-4676-8ebb-389afd8f0de3
Driver info: org.openqa.selenium.remote.RemoteWebDriver
Capabilities [{platform=WINDOWS, javascriptEnabled=true, acceptSslCerts=true, browserName=firefox, rotatable=false, locationContextEnabled=true, webdriver.remote.sessionid=8ec176fd-1b48-4676-8ebb-389afd8f0de3, version=34.0, cssSelectorsEnabled=true, databaseEnabled=true, handlesAlerts=true, webStorageEnabled=true, nativeEvents=true, applicationCacheEnabled=true, takesScreenshot=true}]
06-03-2015 13:50:48  [CRH_Internet.CommonFunctions] (PoolService-0:) ,
06-03-2015 13:50:49  [CRH_Internet.CommonFunctions] (PoolService-0:) excption in excep handler is org.openqa.selenium.remote.UnreachableBrowserException: Error communicating with the remote browser. It may have died.
Build info: version: '2.45.0', revision: '5017cb8e7ca8e37638dc3091b2440b90a1d8686f', time: '2015-02-27 09:10:26'
System info: host: 'BDC6-D-GVB71Q1', ip: '10.143.19.93', os.name: 'Windows 7', os.arch: 'x86', os.version: '6.1', java.version: '1.7.0_72'
Driver info: driver.version: RemoteWebDriver
